<?xml version="1.0" encoding="UTF-8"?>
<!-- Generated by org.testng.reporters.JUnitXMLReporter -->
<testsuite hostname="ParitaPatel" ignored="0" name="ABC" tests="3" failures="0" timestamp="01 Feb 2021 12:48:42 GMT" time="35.592" errors="0">
  <testcase name="loginPageTitleTest" time="0.816" classname="com.crm.qa.testcases.LoginPageTest"/>
  <testcase name="crmLogoImageTest" time="0.412" classname="com.crm.qa.testcases.LoginPageTest"/>
  <testcase name="loginTest" time="3.597" classname="com.crm.qa.testcases.LoginPageTest"/>
</testsuite> <!-- ABC -->
