<?xml version="1.0" encoding="UTF-8"?>
<testsuite xmlns:xsi="http://www.w3.org/2001/XMLSchema-instance" xsi:noNamespaceSchemaLocation="https://maven.apache.org/surefire/maven-surefire-plugin/xsd/surefire-test-report-3.0.xsd" version="3.0" name="TestSuite" time="690.69" tests="12" errors="0" skipped="5" failures="1">
  <properties>
[...]
</properties>
  <testcase name="loginPageTitleTest" classname="com.crm.qa.testcases.LoginPageTest" time="0.017">
    <system-out><![CDATA[Before navigating to: 'https://www.freecrm.com/'
Navigated to:'https://www.freecrm.com/'
]]></system-out>
    <system-err><![CDATA[Starting ChromeDriver 86.0.4240.22 (398b0743353ff36fb1b82468f63a3a93b4e2e89e-refs/branch-heads/4240@{#378}) on port 39782
Only local connections are allowed.
Please see https://chromedriver.chromium.org/security-considerations for suggestions on keeping ChromeDriver safe.
ChromeDriver was started successfully.
[1612782543.991][WARNING]: This version of ChromeDriver has not been tested with Chrome version 87.
Feb 08, 2021 6:09:06 AM org.openqa.selenium.remote.ProtocolHandshake createSession
INFO: Detected dialect: W3C
]]></system-err>
  </testcase>
  <testcase name="crmLogoImageTest" classname="com.crm.qa.testcases.LoginPageTest" time="1.327">
    <system-out><![CDATA[Before navigating to: 'https://www.freecrm.com/'
Navigated to:'https://www.freecrm.com/'
Trying to find Element By : By.xpath: //div[@class='rd-navbar-panel']
Found Element By : By.xpath: //div[@class='rd-navbar-panel']
]]></system-out>
    <system-err><![CDATA[Starting ChromeDriver 86.0.4240.22 (398b0743353ff36fb1b82468f63a3a93b4e2e89e-refs/branch-heads/4240@{#378}) on port 39724
Only local connections are allowed.
Please see https://chromedriver.chromium.org/security-considerations for suggestions on keeping ChromeDriver safe.
ChromeDriver was started successfully.
[1612783174.308][WARNING]: This version of ChromeDriver has not been tested with Chrome version 87.
Feb 08, 2021 6:19:36 AM org.openqa.selenium.remote.ProtocolHandshake createSession
INFO: Detected dialect: W3C
]]></system-err>
  </testcase>
  <testcase name="loginTest" classname="com.crm.qa.testcases.LoginPageTest" time="3.042">
    <system-out><![CDATA[Before navigating to: 'https://www.freecrm.com/'
Navigated to:'https://www.freecrm.com/'
Trying to find Element By : By.xpath: //a[@class='btn btn-primary btn-xs-2 btn-shadow btn-rect btn-icon btn-icon-left']
Found Element By : By.xpath: //a[@class='btn btn-primary btn-xs-2 btn-shadow btn-rect btn-icon btn-icon-left']
Trying to click on: [[ChromeDriver: chrome on WINDOWS (ad557adfb1d7aaafa3bb9d47d322af1d)] -> xpath: //a[@class='btn btn-primary btn-xs-2 btn-shadow btn-rect btn-icon btn-icon-left']]
Clicked on: [[ChromeDriver: chrome on WINDOWS (ad557adfb1d7aaafa3bb9d47d322af1d)] -> xpath: //a[@class='btn btn-primary btn-xs-2 btn-shadow btn-rect btn-icon btn-icon-left']]
Trying to find Element By : By.name: email
Found Element By : By.name: email
Trying to find Element By : By.name: password
Found Element By : By.name: password
Trying to find Element By : By.xpath: //div[text()='Login']
Found Element By : By.xpath: //div[text()='Login']
Trying to click on: [[ChromeDriver: chrome on WINDOWS (ad557adfb1d7aaafa3bb9d47d322af1d)] -> xpath: //div[text()='Login']]
Clicked on: [[ChromeDriver: chrome on WINDOWS (ad557adfb1d7aaafa3bb9d47d322af1d)] -> xpath: //div[text()='Login']]
]]></system-out>
    <system-err><![CDATA[Starting ChromeDriver 86.0.4240.22 (398b0743353ff36fb1b82468f63a3a93b4e2e89e-refs/branch-heads/4240@{#378}) on port 31889
Only local connections are allowed.
Please see https://chromedriver.chromium.org/security-considerations for suggestions on keeping ChromeDriver safe.
ChromeDriver was started successfully.
[1612783201.580][WARNING]: This version of ChromeDriver has not been tested with Chrome version 87.
Feb 08, 2021 6:20:03 AM org.openqa.selenium.remote.ProtocolHandshake createSession
INFO: Detected dialect: W3C
]]></system-err>
  </testcase>
  <testcase name="verifyHomePageTitleTest" classname="com.crm.qa.testcases.HomePageTest" time="0.006">
    <system-out><![CDATA[Before navigating to: 'https://www.freecrm.com/'
Navigated to:'https://www.freecrm.com/'
Trying to find Element By : By.xpath: //a[@class='btn btn-primary btn-xs-2 btn-shadow btn-rect btn-icon btn-icon-left']
Found Element By : By.xpath: //a[@class='btn btn-primary btn-xs-2 btn-shadow btn-rect btn-icon btn-icon-left']
Trying to click on: [[ChromeDriver: chrome on WINDOWS (44876afb5516d2aa1428f8b42071d008)] -> xpath: //a[@class='btn btn-primary btn-xs-2 btn-shadow btn-rect btn-icon btn-icon-left']]
Clicked on: [[ChromeDriver: chrome on WINDOWS (44876afb5516d2aa1428f8b42071d008)] -> xpath: //a[@class='btn btn-primary btn-xs-2 btn-shadow btn-rect btn-icon btn-icon-left']]
Trying to find Element By : By.name: email
Found Element By : By.name: email
Trying to find Element By : By.name: password
Found Element By : By.name: password
Trying to find Element By : By.xpath: //div[text()='Login']
Found Element By : By.xpath: //div[text()='Login']
Trying to click on: [[ChromeDriver: chrome on WINDOWS (44876afb5516d2aa1428f8b42071d008)] -> xpath: //div[text()='Login']]
Clicked on: [[ChromeDriver: chrome on WINDOWS (44876afb5516d2aa1428f8b42071d008)] -> xpath: //div[text()='Login']]
]]></system-out>
    <system-err><![CDATA[Starting ChromeDriver 86.0.4240.22 (398b0743353ff36fb1b82468f63a3a93b4e2e89e-refs/branch-heads/4240@{#378}) on port 38978
Only local connections are allowed.
Please see https://chromedriver.chromium.org/security-considerations for suggestions on keeping ChromeDriver safe.
ChromeDriver was started successfully.
[1612782556.220][WARNING]: This version of ChromeDriver has not been tested with Chrome version 87.
Feb 08, 2021 6:09:18 AM org.openqa.selenium.remote.ProtocolHandshake createSession
INFO: Detected dialect: W3C
]]></system-err>
  </testcase>
  <testcase name="veryUserNameTest" classname="com.crm.qa.testcases.HomePageTest" time="1.902">
    <system-out><![CDATA[Before navigating to: 'https://www.freecrm.com/'
Navigated to:'https://www.freecrm.com/'
Trying to find Element By : By.xpath: //a[@class='btn btn-primary btn-xs-2 btn-shadow btn-rect btn-icon btn-icon-left']
Found Element By : By.xpath: //a[@class='btn btn-primary btn-xs-2 btn-shadow btn-rect btn-icon btn-icon-left']
Trying to click on: [[ChromeDriver: chrome on WINDOWS (cb663d89ea35253dd5eb6cfb844f6747)] -> xpath: //a[@class='btn btn-primary btn-xs-2 btn-shadow btn-rect btn-icon btn-icon-left']]
Clicked on: [[ChromeDriver: chrome on WINDOWS (cb663d89ea35253dd5eb6cfb844f6747)] -> xpath: //a[@class='btn btn-primary btn-xs-2 btn-shadow btn-rect btn-icon btn-icon-left']]
Trying to find Element By : By.name: email
Found Element By : By.name: email
Trying to find Element By : By.name: password
Found Element By : By.name: password
Trying to find Element By : By.xpath: //div[text()='Login']
Found Element By : By.xpath: //div[text()='Login']
Trying to click on: [[ChromeDriver: chrome on WINDOWS (cb663d89ea35253dd5eb6cfb844f6747)] -> xpath: //div[text()='Login']]
Clicked on: [[ChromeDriver: chrome on WINDOWS (cb663d89ea35253dd5eb6cfb844f6747)] -> xpath: //div[text()='Login']]
Trying to find Element By : By.xpath: //span[text()='Parita Patel']
Found Element By : By.xpath: //span[text()='Parita Patel']
]]></system-out>
    <system-err><![CDATA[Starting ChromeDriver 86.0.4240.22 (398b0743353ff36fb1b82468f63a3a93b4e2e89e-refs/branch-heads/4240@{#378}) on port 34542
Only local connections are allowed.
Please see https://chromedriver.chromium.org/security-considerations for suggestions on keeping ChromeDriver safe.
ChromeDriver was started successfully.
[1612783185.214][WARNING]: This version of ChromeDriver has not been tested with Chrome version 87.
Feb 08, 2021 6:19:47 AM org.openqa.selenium.remote.ProtocolHandshake createSession
INFO: Detected dialect: W3C
]]></system-err>
  </testcase>
  <testcase name="verifyContacrLink" classname="com.crm.qa.testcases.HomePageTest" time="1.71">
    <system-out><![CDATA[Before navigating to: 'https://www.freecrm.com/'
Navigated to:'https://www.freecrm.com/'
Trying to find Element By : By.xpath: //a[@class='btn btn-primary btn-xs-2 btn-shadow btn-rect btn-icon btn-icon-left']
Found Element By : By.xpath: //a[@class='btn btn-primary btn-xs-2 btn-shadow btn-rect btn-icon btn-icon-left']
Trying to click on: [[ChromeDriver: chrome on WINDOWS (35f398c6203715aca2003267dc64fe7a)] -> xpath: //a[@class='btn btn-primary btn-xs-2 btn-shadow btn-rect btn-icon btn-icon-left']]
Clicked on: [[ChromeDriver: chrome on WINDOWS (35f398c6203715aca2003267dc64fe7a)] -> xpath: //a[@class='btn btn-primary btn-xs-2 btn-shadow btn-rect btn-icon btn-icon-left']]
Trying to find Element By : By.name: email
Found Element By : By.name: email
Trying to find Element By : By.name: password
Found Element By : By.name: password
Trying to find Element By : By.xpath: //div[text()='Login']
Found Element By : By.xpath: //div[text()='Login']
Trying to click on: [[ChromeDriver: chrome on WINDOWS (35f398c6203715aca2003267dc64fe7a)] -> xpath: //div[text()='Login']]
Clicked on: [[ChromeDriver: chrome on WINDOWS (35f398c6203715aca2003267dc64fe7a)] -> xpath: //div[text()='Login']]
Trying to find Element By : By.xpath: //*[@class='users icon']
Found Element By : By.xpath: //*[@class='users icon']
Trying to click on: [[ChromeDriver: chrome on WINDOWS (35f398c6203715aca2003267dc64fe7a)] -> xpath: //*[@class='users icon']]
Clicked on: [[ChromeDriver: chrome on WINDOWS (35f398c6203715aca2003267dc64fe7a)] -> xpath: //*[@class='users icon']]
]]></system-out>
    <system-err><![CDATA[Starting ChromeDriver 86.0.4240.22 (398b0743353ff36fb1b82468f63a3a93b4e2e89e-refs/branch-heads/4240@{#378}) on port 38157
Only local connections are allowed.
Please see https://chromedriver.chromium.org/security-considerations for suggestions on keeping ChromeDriver safe.
ChromeDriver was started successfully.
[1612783214.681][WARNING]: This version of ChromeDriver has not been tested with Chrome version 87.
Feb 08, 2021 6:20:16 AM org.openqa.selenium.remote.ProtocolHandshake createSession
INFO: Detected dialect: W3C
]]></system-err>
  </testcase>
  <testcase name="setUp" classname="com.crm.qa.testcases.ContactPageTest" time="604.293">
    <failure message="session not created&#10;from timeout: Timed out receiving message from renderer: 600.000&#10;  (Session info: chrome=87.0.4280.141)&#10;Build info: version: &apos;3.141.59&apos;, revision: &apos;e82be7d358&apos;, time: &apos;2018-11-14T08:17:03&apos;&#10;System info: host: &apos;PARITAPATEL&apos;, ip: &apos;192.168.0.23&apos;, os.name: &apos;Windows 10&apos;, os.arch: &apos;amd64&apos;, os.version: &apos;10.0&apos;, java.version: &apos;1.8.0_261&apos;&#10;Driver info: driver.version: ChromeDriver&#10;remote stacktrace: Backtrace:&#10;	Ordinal0 [0x009EC013+3194899]&#10;	Ordinal0 [0x008D6021+2056225]&#10;	Ordinal0 [0x0076F608+587272]&#10;	Ordinal0 [0x007636EC+538348]&#10;	Ordinal0 [0x00762A6F+535151]&#10;	Ordinal0 [0x00762E45+536133]&#10;	Ordinal0 [0x007627A5+534437]&#10;	Ordinal0 [0x0076BBC9+572361]&#10;	Ordinal0 [0x00762754+534356]&#10;	Ordinal0 [0x00763475+537717]&#10;	Ordinal0 [0x00762A6F+535151]&#10;	Ordinal0 [0x00762E45+536133]&#10;	Ordinal0 [0x007627A5+534437]&#10;	Ordinal0 [0x00769EFE+564990]&#10;	Ordinal0 [0x00762754+534356]&#10;	Ordinal0 [0x00763475+537717]&#10;	Ordinal0 [0x00762A6F+535151]&#10;	Ordinal0 [0x00762E45+536133]&#10;	Ordinal0 [0x007627A5+534437]&#10;	Ordinal0 [0x00768186+557446]&#10;	Ordinal0 [0x00762754+534356]&#10;	Ordinal0 [0x00763475+537717]&#10;	Ordinal0 [0x00762A6F+535151]&#10;	Ordinal0 [0x00762E45+536133]&#10;	Ordinal0 [0x007627A5+534437]&#10;	Ordinal0 [0x007674A7+554151]&#10;	Ordinal0 [0x00762754+534356]&#10;	Ordinal0 [0x00763475+537717]&#10;	Ordinal0 [0x00762A6F+535151]&#10;	Ordinal0 [0x00762E45+536133]&#10;	Ordinal0 [0x007627A5+534437]&#10;	Ordinal0 [0x0075F06C+520300]&#10;	Ordinal0 [0x00762754+534356]&#10;	Ordinal0 [0x007625BF+533951]&#10;	Ordinal0 [0x007623D3+533459]&#10;	Ordinal0 [0x00770620+591392]&#10;	Ordinal0 [0x00712A0C+207372]&#10;	Ordinal0 [0x00711D0D+204045]&#10;	Ordinal0 [0x0070FC1B+195611]&#10;	Ordinal0 [0x006F3B7F+80767]&#10;	Ordinal0 [0x006F4B4E+84814]&#10;	Ordinal0 [0x006F4AD9+84697]&#10;	Ordinal0 [0x008ECE64+2149988]&#10;	GetHandleVerifier [0x00B5BE95+1400773]&#10;	GetHandleVerifier [0x00B5BB61+1399953]&#10;	GetHandleVerifier [0x00B631FA+1430314]&#10;	GetHandleVerifier [0x00B5C69F+1402831]&#10;	Ordinal0 [0x008E3D61+2112865]&#10;	Ordinal0 [0x008EE5CB+2155979]&#10;	Ordinal0 [0x008EE6F5+2156277]&#10;	Ordinal0 [0x008FF26E+2224750]&#10;	BaseThreadInitThunk [0x764BFA29+25]&#10;	RtlGetAppContainerNamedObjectPath [0x772D75F4+228]&#10;	RtlGetAppContainerNamedObjectPath [0x772D75C4+180]&#10;" type="org.openqa.selenium.SessionNotCreatedException"><![CDATA[org.openqa.selenium.SessionNotCreatedException: 
session not created
from timeout: Timed out receiving message from renderer: 600.000
  (Session info: chrome=87.0.4280.141)
Build info: version: '3.141.59', revision: 'e82be7d358', time: '2018-11-14T08:17:03'
System info: host: 'PARITAPATEL', ip: '192.168.0.23', os.name: 'Windows 10', os.arch: 'amd64', os.version: '10.0', java.version: '1.8.0_261'
Driver info: driver.version: ChromeDriver
remote stacktrace: Backtrace:
	Ordinal0 [0x009EC013+3194899]
	Ordinal0 [0x008D6021+2056225]
	Ordinal0 [0x0076F608+587272]
	Ordinal0 [0x007636EC+538348]
	Ordinal0 [0x00762A6F+535151]
	Ordinal0 [0x00762E45+536133]
	Ordinal0 [0x007627A5+534437]
	Ordinal0 [0x0076BBC9+572361]
	Ordinal0 [0x00762754+534356]
	Ordinal0 [0x00763475+537717]
	Ordinal0 [0x00762A6F+535151]
	Ordinal0 [0x00762E45+536133]
	Ordinal0 [0x007627A5+534437]
	Ordinal0 [0x00769EFE+564990]
	Ordinal0 [0x00762754+534356]
	Ordinal0 [0x00763475+537717]
	Ordinal0 [0x00762A6F+535151]
	Ordinal0 [0x00762E45+536133]
	Ordinal0 [0x007627A5+534437]
	Ordinal0 [0x00768186+557446]
	Ordinal0 [0x00762754+534356]
	Ordinal0 [0x00763475+537717]
	Ordinal0 [0x00762A6F+535151]
	Ordinal0 [0x00762E45+536133]
	Ordinal0 [0x007627A5+534437]
	Ordinal0 [0x007674A7+554151]
	Ordinal0 [0x00762754+534356]
	Ordinal0 [0x00763475+537717]
	Ordinal0 [0x00762A6F+535151]
	Ordinal0 [0x00762E45+536133]
	Ordinal0 [0x007627A5+534437]
	Ordinal0 [0x0075F06C+520300]
	Ordinal0 [0x00762754+534356]
	Ordinal0 [0x007625BF+533951]
	Ordinal0 [0x007623D3+533459]
	Ordinal0 [0x00770620+591392]
	Ordinal0 [0x00712A0C+207372]
	Ordinal0 [0x00711D0D+204045]
	Ordinal0 [0x0070FC1B+195611]
	Ordinal0 [0x006F3B7F+80767]
	Ordinal0 [0x006F4B4E+84814]
	Ordinal0 [0x006F4AD9+84697]
	Ordinal0 [0x008ECE64+2149988]
	GetHandleVerifier [0x00B5BE95+1400773]
	GetHandleVerifier [0x00B5BB61+1399953]
	GetHandleVerifier [0x00B631FA+1430314]
	GetHandleVerifier [0x00B5C69F+1402831]
	Ordinal0 [0x008E3D61+2112865]
	Ordinal0 [0x008EE5CB+2155979]
	Ordinal0 [0x008EE6F5+2156277]
	Ordinal0 [0x008FF26E+2224750]
	BaseThreadInitThunk [0x764BFA29+25]
	RtlGetAppContainerNamedObjectPath [0x772D75F4+228]
	RtlGetAppContainerNamedObjectPath [0x772D75C4+180]

	at com.crm.qa.testcases.ContactPageTest.setUp(ContactPageTest.java:30)
]]></failure>
    <system-err><![CDATA[Starting ChromeDriver 86.0.4240.22 (398b0743353ff36fb1b82468f63a3a93b4e2e89e-refs/branch-heads/4240@{#378}) on port 31550
Only local connections are allowed.
Please see https://chromedriver.chromium.org/security-considerations for suggestions on keeping ChromeDriver safe.
ChromeDriver was started successfully.
[1612782570.995][WARNING]: This version of ChromeDriver has not been tested with Chrome version 87.
[1612783173.059][SEVERE]: Timed out receiving message from renderer: 600.000
]]></system-err>
  </testcase>
  <testcase name="setUp" classname="com.crm.qa.testcases.ContactPageTest" time="0">
    <skipped/>
  </testcase>
  <testcase name="verifyContactlabel" classname="com.crm.qa.testcases.ContactPageTest" time="0">
    <skipped message="session not created&#10;from timeout: Timed out receiving message from renderer: 600.000&#10;  (Session info: chrome=87.0.4280.141)&#10;Build info: version: &apos;3.141.59&apos;, revision: &apos;e82be7d358&apos;, time: &apos;2018-11-14T08:17:03&apos;&#10;System info: host: &apos;PARITAPATEL&apos;, ip: &apos;192.168.0.23&apos;, os.name: &apos;Windows 10&apos;, os.arch: &apos;amd64&apos;, os.version: &apos;10.0&apos;, java.version: &apos;1.8.0_261&apos;&#10;Driver info: driver.version: ChromeDriver&#10;remote stacktrace: Backtrace:&#10;	Ordinal0 [0x009EC013+3194899]&#10;	Ordinal0 [0x008D6021+2056225]&#10;	Ordinal0 [0x0076F608+587272]&#10;	Ordinal0 [0x007636EC+538348]&#10;	Ordinal0 [0x00762A6F+535151]&#10;	Ordinal0 [0x00762E45+536133]&#10;	Ordinal0 [0x007627A5+534437]&#10;	Ordinal0 [0x0076BBC9+572361]&#10;	Ordinal0 [0x00762754+534356]&#10;	Ordinal0 [0x00763475+537717]&#10;	Ordinal0 [0x00762A6F+535151]&#10;	Ordinal0 [0x00762E45+536133]&#10;	Ordinal0 [0x007627A5+534437]&#10;	Ordinal0 [0x00769EFE+564990]&#10;	Ordinal0 [0x00762754+534356]&#10;	Ordinal0 [0x00763475+537717]&#10;	Ordinal0 [0x00762A6F+535151]&#10;	Ordinal0 [0x00762E45+536133]&#10;	Ordinal0 [0x007627A5+534437]&#10;	Ordinal0 [0x00768186+557446]&#10;	Ordinal0 [0x00762754+534356]&#10;	Ordinal0 [0x00763475+537717]&#10;	Ordinal0 [0x00762A6F+535151]&#10;	Ordinal0 [0x00762E45+536133]&#10;	Ordinal0 [0x007627A5+534437]&#10;	Ordinal0 [0x007674A7+554151]&#10;	Ordinal0 [0x00762754+534356]&#10;	Ordinal0 [0x00763475+537717]&#10;	Ordinal0 [0x00762A6F+535151]&#10;	Ordinal0 [0x00762E45+536133]&#10;	Ordinal0 [0x007627A5+534437]&#10;	Ordinal0 [0x0075F06C+520300]&#10;	Ordinal0 [0x00762754+534356]&#10;	Ordinal0 [0x007625BF+533951]&#10;	Ordinal0 [0x007623D3+533459]&#10;	Ordinal0 [0x00770620+591392]&#10;	Ordinal0 [0x00712A0C+207372]&#10;	Ordinal0 [0x00711D0D+204045]&#10;	Ordinal0 [0x0070FC1B+195611]&#10;	Ordinal0 [0x006F3B7F+80767]&#10;	Ordinal0 [0x006F4B4E+84814]&#10;	Ordinal0 [0x006F4AD9+84697]&#10;	Ordinal0 [0x008ECE64+2149988]&#10;	GetHandleVerifier [0x00B5BE95+1400773]&#10;	GetHandleVerifier [0x00B5BB61+1399953]&#10;	GetHandleVerifier [0x00B631FA+1430314]&#10;	GetHandleVerifier [0x00B5C69F+1402831]&#10;	Ordinal0 [0x008E3D61+2112865]&#10;	Ordinal0 [0x008EE5CB+2155979]&#10;	Ordinal0 [0x008EE6F5+2156277]&#10;	Ordinal0 [0x008FF26E+2224750]&#10;	BaseThreadInitThunk [0x764BFA29+25]&#10;	RtlGetAppContainerNamedObjectPath [0x772D75F4+228]&#10;	RtlGetAppContainerNamedObjectPath [0x772D75C4+180]&#10;"/>
  </testcase>
  <testcase name="tearDown" classname="com.crm.qa.testcases.ContactPageTest" time="0">
    <skipped/>
  </testcase>
  <testcase name="tearDown" classname="com.crm.qa.testcases.ContactPageTest" time="0">
    <skipped/>
  </testcase>
  <testcase name="validateCreateNewContact" classname="com.crm.qa.testcases.ContactPageTest" time="0">
    <skipped message="session not created&#10;from timeout: Timed out receiving message from renderer: 600.000&#10;  (Session info: chrome=87.0.4280.141)&#10;Build info: version: &apos;3.141.59&apos;, revision: &apos;e82be7d358&apos;, time: &apos;2018-11-14T08:17:03&apos;&#10;System info: host: &apos;PARITAPATEL&apos;, ip: &apos;192.168.0.23&apos;, os.name: &apos;Windows 10&apos;, os.arch: &apos;amd64&apos;, os.version: &apos;10.0&apos;, java.version: &apos;1.8.0_261&apos;&#10;Driver info: driver.version: ChromeDriver&#10;remote stacktrace: Backtrace:&#10;	Ordinal0 [0x009EC013+3194899]&#10;	Ordinal0 [0x008D6021+2056225]&#10;	Ordinal0 [0x0076F608+587272]&#10;	Ordinal0 [0x007636EC+538348]&#10;	Ordinal0 [0x00762A6F+535151]&#10;	Ordinal0 [0x00762E45+536133]&#10;	Ordinal0 [0x007627A5+534437]&#10;	Ordinal0 [0x0076BBC9+572361]&#10;	Ordinal0 [0x00762754+534356]&#10;	Ordinal0 [0x00763475+537717]&#10;	Ordinal0 [0x00762A6F+535151]&#10;	Ordinal0 [0x00762E45+536133]&#10;	Ordinal0 [0x007627A5+534437]&#10;	Ordinal0 [0x00769EFE+564990]&#10;	Ordinal0 [0x00762754+534356]&#10;	Ordinal0 [0x00763475+537717]&#10;	Ordinal0 [0x00762A6F+535151]&#10;	Ordinal0 [0x00762E45+536133]&#10;	Ordinal0 [0x007627A5+534437]&#10;	Ordinal0 [0x00768186+557446]&#10;	Ordinal0 [0x00762754+534356]&#10;	Ordinal0 [0x00763475+537717]&#10;	Ordinal0 [0x00762A6F+535151]&#10;	Ordinal0 [0x00762E45+536133]&#10;	Ordinal0 [0x007627A5+534437]&#10;	Ordinal0 [0x007674A7+554151]&#10;	Ordinal0 [0x00762754+534356]&#10;	Ordinal0 [0x00763475+537717]&#10;	Ordinal0 [0x00762A6F+535151]&#10;	Ordinal0 [0x00762E45+536133]&#10;	Ordinal0 [0x007627A5+534437]&#10;	Ordinal0 [0x0075F06C+520300]&#10;	Ordinal0 [0x00762754+534356]&#10;	Ordinal0 [0x007625BF+533951]&#10;	Ordinal0 [0x007623D3+533459]&#10;	Ordinal0 [0x00770620+591392]&#10;	Ordinal0 [0x00712A0C+207372]&#10;	Ordinal0 [0x00711D0D+204045]&#10;	Ordinal0 [0x0070FC1B+195611]&#10;	Ordinal0 [0x006F3B7F+80767]&#10;	Ordinal0 [0x006F4B4E+84814]&#10;	Ordinal0 [0x006F4AD9+84697]&#10;	Ordinal0 [0x008ECE64+2149988]&#10;	GetHandleVerifier [0x00B5BE95+1400773]&#10;	GetHandleVerifier [0x00B5BB61+1399953]&#10;	GetHandleVerifier [0x00B631FA+1430314]&#10;	GetHandleVerifier [0x00B5C69F+1402831]&#10;	Ordinal0 [0x008E3D61+2112865]&#10;	Ordinal0 [0x008EE5CB+2155979]&#10;	Ordinal0 [0x008EE6F5+2156277]&#10;	Ordinal0 [0x008FF26E+2224750]&#10;	BaseThreadInitThunk [0x764BFA29+25]&#10;	RtlGetAppContainerNamedObjectPath [0x772D75F4+228]&#10;	RtlGetAppContainerNamedObjectPath [0x772D75C4+180]&#10;"/>
  </testcase>
</testsuite>