<?xml version="1.0" encoding="UTF-8"?>
<!-- Generated by org.testng.reporters.JUnitXMLReporter -->
<testsuite hostname="ParitaPatel" ignored="0" name="Free CRM App Test Cases" tests="7" failures="0" timestamp="05 Feb 2021 15:29:37 GMT" time="83.077" errors="0">
  <testcase name="loginPageTitleTest" time="0.514" classname="com.crm.qa.testcases.LoginPageTest"/>
  <testcase name="verifyHomePageTitleTest" time="0.025" classname="com.crm.qa.testcases.HomePageTest"/>
  <testcase name="verifyContactlabel" time="0.153" classname="com.crm.qa.testcases.ContactPageTest"/>
  <testcase name="crmLogoImageTest" time="0.682" classname="com.crm.qa.testcases.LoginPageTest"/>
  <testcase name="veryUserNameTest" time="1.105" classname="com.crm.qa.testcases.HomePageTest"/>
  <testcase name="loginTest" time="3.968" classname="com.crm.qa.testcases.LoginPageTest"/>
  <testcase name="verifyContacrLink" time="1.579" classname="com.crm.qa.testcases.HomePageTest"/>
</testsuite> <!-- Free CRM App Test Cases -->
